Arguments: 
  C:\Program Files\nodejs\node.exe C:\Users\This PC\AppData\Roaming\npm\node_modules\yarn\bin\yarn.js add bodyParser

PATH: 
  C:\Program Files\nodejs\;C:\Windows\system32;C:\Windows;C:\Windows\System32\Wbem;C:\Windows\System32\WindowsPowerShell\v1.0\;C:\Windows\System32\OpenSSH\;C:\Program Files\Intel\WiFi\bin\;C:\Program Files\Common Files\Intel\WirelessCommon\;C:\msys64\mingw64\bin;C:\Users\This PC\AppData\Local\Microsoft\WindowsApps;;C:\Users\This PC\AppData\Local\Programs\Microsoft VS Code\bin;C:\Users\This PC\AppData\Roaming\npm

Yarn version: 
  1.22.19

Node version: 
  19.8.1

Platform: 
  win32 x64

Trace: 
  Error: https://registry.yarnpkg.com/bodyParser: Not found
      at params.callback [as _callback] (C:\Users\This PC\AppData\Roaming\npm\node_modules\yarn\lib\cli.js:66145:18)
      at self.callback (C:\Users\This PC\AppData\Roaming\npm\node_modules\yarn\lib\cli.js:140890:22)
      at Request.emit (node:events:512:28)
      at Request.<anonymous> (C:\Users\This PC\AppData\Roaming\npm\node_modules\yarn\lib\cli.js:141862:10)
      at Request.emit (node:events:512:28)
      at IncomingMessage.<anonymous> (C:\Users\This PC\AppData\Roaming\npm\node_modules\yarn\lib\cli.js:141784:12)
      at Object.onceWrapper (node:events:626:28)
      at IncomingMessage.emit (node:events:524:35)
      at endReadableNT (node:internal/streams/readable:1359:12)
      at process.processTicksAndRejections (node:internal/process/task_queues:82:21)

npm manifest: 
  {
    "name": "mit-exam",
    "version": "1.0.0",
    "description": "A simple application for end of semester 2 examinations",
    "main": "index.js",
    "type": "module",
    "scripts": {
      "test": "echo \"Error: no test specified\" && exit 1"
    },
    "keywords": [],
    "author": "Dorothy Joy Nansubuga",
    "license": "MIT",
    "repository": {
      "type": "git",
      "url": "git+https://github.com/DoroJoy/mitexam_app.git"
    },
    "bugs": {
      "url": "https://github.com/DoroJoy/mitexam_app/issues"
    },
    "homepage": "https://github.com/DoroJoy/mitexam_app#readme",
    "dependencies": {
      "express": "^4.18.2"
    }
  }

yarn manifest: 
  No manifest

Lockfile: 
  No lockfile
